INFO:Slither:Compilation warnings/errors on /data/lottopollo.sol:
/data/lottopollo.sol:14:7: Warning: Failure condition of 'send' ignored. Consider using 'transfer' instead.
      msg.sender.send( msg.value );
      ^--------------------------^
/data/lottopollo.sol:16:12: Warning: Using contract member "balance" inherited from the address type is deprecated. Convert the contract to "address" type to access the member, for example use "address(contract).balance" instead.
      if ( this.balance > 0 ) {
           ^----------^
/data/lottopollo.sol:17:22: Warning: Using contract member "balance" inherited from the address type is deprecated. Convert the contract to "address" type to access the member, for example use "address(contract).balance" instead.
        leader.send( this.balance );
                     ^----------^
/data/lottopollo.sol:17:9: Warning: Failure condition of 'send' ignored. Consider using 'transfer' instead.
        leader.send( this.balance );
        ^-------------------------^
/data/lottopollo.sol:25:3: Warning: No visibility specified. Defaulting to "public". 
  function randomGen() constant returns (uint randomNumber) {
  ^ (Relevant source part starts here and spans across multiple lines).
/data/lottopollo.sol:29:3: Warning: No visibility specified. Defaulting to "public". 
  function draw(uint seed){
  ^ (Relevant source part starts here and spans across multiple lines).
/data/lottopollo.sol:29:17: Warning: Unused function parameter. Remove or comment out the variable name to silence this warning.
  function draw(uint seed){
                ^-------^

INFO:Detectors:[91m
lottopollo.payOut (/data/lottopollo.sol#11-24) sends eth to arbitrary user
	Dangerous calls:
	- leader.send(this.balance) (/data/lottopollo.sol#17)
Reference: https://github.com/trailofbits/slither/wiki/Detectors-Documentation#functions-that-send-ether-to-arbitrary-destinations[0m
INFO:Detectors:[92m
lottopollo.draw (/data/lottopollo.sol#29-32) should be declared external
Reference: https://github.com/trailofbits/slither/wiki/Detectors-Documentation#public-function-that-could-be-declared-as-external[0m
INFO:Detectors:[92m
Detected issues with version pragma in /data/lottopollo.sol:
	- pragma solidity^0.4.0 (/data/lottopollo.sol#7): it allows old versions
Reference: https://github.com/trailofbits/slither/wiki/Detectors-Documentation#incorrect-version-of-solidity[0m
INFO:Detectors:[92m
Contract 'lottopollo' (/data/lottopollo.sol#8-33) is not in CapWords
Reference: https://github.com/trailofbits/slither/wiki/Detectors-Documentation#conformance-to-solidity-naming-conventions[0m
INFO:Slither:/data/lottopollo.sol analyzed (1 contracts), 4 result(s) found